2020.08.31 15:22:35 INFO  started: Metals version 0.9.3 in workspace '/Users/dethstrobe/repo/scalatest' for client vscode.
2020.08.31 15:22:38 INFO  time: initialize in 3.01s
2020.08.31 15:22:40 INFO  no build target: using presentation compiler with only scala-library
2020.08.31 15:22:46 WARN  no build target for: /Users/dethstrobe/repo/scalatest/src/test/scala/CubeCalculatorTest.scala
2020.08.31 15:23:05 INFO  running '/Library/Java/JavaVirtualMachines/jdk-11.0.3.jdk/Contents/Home/bin/java -Djline.terminal=jline.UnsupportedTerminal -Dsbt.log.noformat=true -Dfile.encoding=UTF-8 -jar /var/folders/k6/4zst_2kd5vndpzvdqycsyk6r0000gn/T/metals16407373241167135062/sbt-launch.jar -Dbloop.export-jar-classifiers=sources bloopInstall'
2020.08.31 15:23:05 INFO  skipping build import with status 'Started'
2020.08.31 15:23:07 ERROR [info] [launcher] getting org.scala-sbt sbt 1.3.13  (this may take some time)...
2020.08.31 15:23:18 ERROR downloading https://repo1.maven.org/maven2/org/scala-sbt/sbt/1.3.13/sbt-1.3.13.jar ...
2020.08.31 15:23:18 ERROR :: loading settings :: url = jar:file:/private/var/folders/k6/4zst_2kd5vndpzvdqycsyk6r0000gn/T/metals16407373241167135062/sbt-launch.jar!/org/apache/ivy/core/settings/ivysettings.xml
2020.08.31 15:23:18 ERROR downloading https://repo1.maven.org/maven2/org/scala-sbt/main_2.12/1.3.13/main_2.12-1.3.13.jar ...
2020.08.31 15:23:18 ERROR :: loading settings :: url = jar:file:/private/var/folders/k6/4zst_2kd5vndpzvdqycsyk6r0000gn/T/metals16407373241167135062/sbt-launch.jar!/org/apache/ivy/core/settings/ivysettings.xml
2020.08.31 15:23:18 ERROR :: loading settings :: url = jar:file:/private/var/folders/k6/4zst_2kd5vndpzvdqycsyk6r0000gn/T/metals16407373241167135062/sbt-launch.jar!/org/apache/ivy/core/settings/ivysettings.xml
2020.08.31 15:23:18 ERROR downloading https://repo1.maven.org/maven2/org/scala-sbt/logic_2.12/1.3.13/logic_2.12-1.3.13.jar ...
2020.08.31 15:23:18 ERROR downloading https://repo1.maven.org/maven2/org/scala-sbt/io_2.12/1.3.4/io_2.12-1.3.4.jar ...
2020.08.31 15:23:18 ERROR :: loading settings :: url = jar:file:/private/var/folders/k6/4zst_2kd5vndpzvdqycsyk6r0000gn/T/metals16407373241167135062/sbt-launch.jar!/org/apache/ivy/core/settings/ivysettings.xml
2020.08.31 15:23:18 ERROR 	[SUCCESSFUL ] org.scala-sbt#sbt;1.3.13!sbt.jar (132ms)
2020.08.31 15:23:18 ERROR downloading https://repo1.maven.org/maven2/org/scala-sbt/actions_2.12/1.3.13/actions_2.12-1.3.13.jar ...
2020.08.31 15:23:18 ERROR 	[SUCCESSFUL ] org.scala-sbt#logic_2.12;1.3.13!logic_2.12.jar (178ms)
2020.08.31 15:23:18 ERROR downloading https://repo1.maven.org/maven2/org/scala-sbt/main-settings_2.12/1.3.13/main-settings_2.12-1.3.13.jar ...
2020.08.31 15:23:18 ERROR 	[SUCCESSFUL ] org.scala-sbt#actions_2.12;1.3.13!actions_2.12.jar (110ms)
2020.08.31 15:23:18 ERROR downloading https://repo1.maven.org/maven2/org/scala-sbt/run_2.12/1.3.13/run_2.12-1.3.13.jar ...
2020.08.31 15:23:18 ERROR 	[SUCCESSFUL ] org.scala-sbt#run_2.12;1.3.13!run_2.12.jar (77ms)
2020.08.31 15:23:18 ERROR downloading https://repo1.maven.org/maven2/org/scala-sbt/command_2.12/1.3.13/command_2.12-1.3.13.jar ...
2020.08.31 15:23:18 ERROR 	[SUCCESSFUL ] org.scala-sbt#io_2.12;1.3.4!io_2.12.jar (335ms)
2020.08.31 15:23:18 ERROR downloading https://repo1.maven.org/maven2/org/scala-sbt/collections_2.12/1.3.13/collections_2.12-1.3.13.jar ...
2020.08.31 15:23:18 ERROR 	[SUCCESSFUL ] org.scala-sbt#main-settings_2.12;1.3.13!main-settings_2.12.jar (172ms)
2020.08.31 15:23:18 ERROR downloading https://repo1.maven.org/maven2/org/scala-sbt/scripted-sbt-redux_2.12/1.3.13/scripted-sbt-redux_2.12-1.3.13.jar ...
2020.08.31 15:23:18 ERROR 	[SUCCESSFUL ] org.scala-sbt#command_2.12;1.3.13!command_2.12.jar (133ms)
2020.08.31 15:23:18 ERROR downloading https://repo1.maven.org/maven2/org/scala-sbt/scripted-plugin_2.12/1.3.13/scripted-plugin_2.12-1.3.13.jar ...
2020.08.31 15:23:18 ERROR 	[SUCCESSFUL ] org.scala-sbt#scripted-sbt-redux_2.12;1.3.13!scripted-sbt-redux_2.12.jar (66ms)
2020.08.31 15:23:18 ERROR downloading https://repo1.maven.org/maven2/org/scala-sbt/zinc-lm-integration_2.12/1.3.13/zinc-lm-integration_2.12-1.3.13.jar ...
2020.08.31 15:23:18 ERROR 	[SUCCESSFUL ] org.scala-sbt#collections_2.12;1.3.13!collections_2.12.jar (138ms)
2020.08.31 15:23:18 ERROR 	[SUCCESSFUL ] org.scala-sbt#scripted-plugin_2.12;1.3.13!scripted-plugin_2.12.jar (70ms)
2020.08.31 15:23:18 ERROR downloading https://repo1.maven.org/maven2/org/scala-lang/modules/scala-xml_2.12/1.3.0/scala-xml_2.12-1.3.0.jar ...
2020.08.31 15:23:18 ERROR downloading https://repo1.maven.org/maven2/org/scala-sbt/launcher-interface/1.1.4/launcher-interface-1.1.4.jar ...
2020.08.31 15:23:18 ERROR 	[SUCCESSFUL ] org.scala-sbt#zinc-lm-integration_2.12;1.3.13!zinc-lm-integration_2.12.jar (76ms)
2020.08.31 15:23:18 ERROR downloading https://repo1.maven.org/maven2/io/get-coursier/lm-coursier-shaded_2.12/2.0.0-RC6-4/lm-coursier-shaded_2.12-2.0.0-RC6-4.jar ...
2020.08.31 15:23:18 ERROR 	[SUCCESSFUL ] org.scala-sbt#launcher-interface;1.1.4!launcher-interface.jar (74ms)
2020.08.31 15:23:18 ERROR downloading https://repo1.maven.org/maven2/org/scala-sbt/librarymanagement-core_2.12/1.3.4/librarymanagement-core_2.12-1.3.4.jar ...
2020.08.31 15:23:18 ERROR 	[SUCCESSFUL ] org.scala-lang.modules#scala-xml_2.12;1.3.0!scala-xml_2.12.jar(bundle) (179ms)
2020.08.31 15:23:18 ERROR downloading https://repo1.maven.org/maven2/org/scala-sbt/librarymanagement-ivy_2.12/1.3.4/librarymanagement-ivy_2.12-1.3.4.jar ...
2020.08.31 15:23:18 ERROR 	[SUCCESSFUL ] org.scala-sbt#librarymanagement-core_2.12;1.3.4!librarymanagement-core_2.12.jar (221ms)
2020.08.31 15:23:18 ERROR downloading https://repo1.maven.org/maven2/org/scala-sbt/compiler-interface/1.3.5/compiler-interface-1.3.5.jar ...
2020.08.31 15:23:18 ERROR 	[SUCCESSFUL ] org.scala-sbt#main_2.12;1.3.13!main_2.12.jar (872ms)
2020.08.31 15:23:18 ERROR downloading https://repo1.maven.org/maven2/org/scala-sbt/zinc-compile_2.12/1.3.5/zinc-compile_2.12-1.3.5.jar ...
2020.08.31 15:23:18 ERROR 	[SUCCESSFUL ] org.scala-sbt#librarymanagement-ivy_2.12;1.3.4!librarymanagement-ivy_2.12.jar (220ms)
2020.08.31 15:23:18 ERROR downloading file:////Users/dethstrobe/.sbt/preloaded/com/eed3si9n/sjson-new-scalajson_2.12/0.8.3/sjson-new-scalajson_2.12-0.8.3.jar ...
2020.08.31 15:23:18 ERROR 	[SUCCESSFUL ] org.scala-sbt#compiler-interface;1.3.5!compiler-interface.jar (91ms)
2020.08.31 15:23:18 ERROR 	[SUCCESSFUL ] com.eed3si9n#sjson-new-scalajson_2.12;0.8.3!sjson-new-scalajson_2.12.jar (12ms)
2020.08.31 15:23:18 ERROR downloading https://repo1.maven.org/maven2/org/scala-sbt/completion_2.12/1.3.13/completion_2.12-1.3.13.jar ...
2020.08.31 15:23:18 ERROR downloading https://repo1.maven.org/maven2/org/scala-sbt/task-system_2.12/1.3.13/task-system_2.12-1.3.13.jar ...
2020.08.31 15:23:18 ERROR 	[SUCCESSFUL ] org.scala-sbt#zinc-compile_2.12;1.3.5!zinc-compile_2.12.jar (61ms)
2020.08.31 15:23:18 ERROR downloading https://repo1.maven.org/maven2/org/scala-sbt/tasks_2.12/1.3.13/tasks_2.12-1.3.13.jar ...
2020.08.31 15:23:19 ERROR 	[SUCCESSFUL ] org.scala-sbt#task-system_2.12;1.3.13!task-system_2.12.jar (76ms)
2020.08.31 15:23:19 ERROR 	[SUCCESSFUL ] org.scala-sbt#tasks_2.12;1.3.13!tasks_2.12.jar (70ms)
2020.08.31 15:23:19 ERROR downloading https://repo1.maven.org/maven2/org/scala-sbt/testing_2.12/1.3.13/testing_2.12-1.3.13.jar ...
2020.08.31 15:23:19 ERROR downloading https://repo1.maven.org/maven2/org/scala-sbt/zinc-classpath_2.12/1.3.5/zinc-classpath_2.12-1.3.5.jar ...
2020.08.31 15:23:19 ERROR 	[SUCCESSFUL ] org.scala-sbt#completion_2.12;1.3.13!completion_2.12.jar (147ms)
2020.08.31 15:23:19 ERROR downloading https://repo1.maven.org/maven2/org/scala-sbt/zinc-apiinfo_2.12/1.3.5/zinc-apiinfo_2.12-1.3.5.jar ...
2020.08.31 15:23:19 ERROR 	[SUCCESSFUL ] org.scala-sbt#zinc-classpath_2.12;1.3.5!zinc-classpath_2.12.jar (78ms)
2020.08.31 15:23:19 ERROR downloading https://repo1.maven.org/maven2/org/scala-sbt/zinc_2.12/1.3.5/zinc_2.12-1.3.5.jar ...
2020.08.31 15:23:19 ERROR 	[SUCCESSFUL ] org.scala-sbt#testing_2.12;1.3.13!testing_2.12.jar (82ms)
2020.08.31 15:23:19 ERROR downloading https://repo1.maven.org/maven2/net/java/dev/jna/jna/5.5.0/jna-5.5.0.jar ...
2020.08.31 15:23:19 ERROR 	[SUCCESSFUL ] org.scala-sbt#zinc_2.12;1.3.5!zinc_2.12.jar (68ms)
2020.08.31 15:23:19 ERROR downloading https://repo1.maven.org/maven2/net/java/dev/jna/jna-platform/5.5.0/jna-platform-5.5.0.jar ...
2020.08.31 15:23:19 ERROR 	[SUCCESSFUL ] org.scala-sbt#zinc-apiinfo_2.12;1.3.5!zinc-apiinfo_2.12.jar (91ms)
2020.08.31 15:23:19 ERROR downloading https://repo1.maven.org/maven2/org/scala-sbt/test-agent/1.3.13/test-agent-1.3.13.jar ...
2020.08.31 15:23:19 ERROR 	[SUCCESSFUL ] org.scala-sbt#test-agent;1.3.13!test-agent.jar (70ms)
2020.08.31 15:23:19 ERROR downloading https://repo1.maven.org/maven2/org/scala-sbt/compiler-bridge_2.12/1.3.5/compiler-bridge_2.12-1.3.5.jar ...
2020.08.31 15:23:19 ERROR 	[SUCCESSFUL ] org.scala-sbt#compiler-bridge_2.12;1.3.5!compiler-bridge_2.12.jar (92ms)
2020.08.31 15:23:19 ERROR downloading https://repo1.maven.org/maven2/org/scala-sbt/zinc-classfile_2.12/1.3.5/zinc-classfile_2.12-1.3.5.jar ...
2020.08.31 15:23:19 ERROR 	[SUCCESSFUL ] org.scala-sbt#zinc-classfile_2.12;1.3.5!zinc-classfile_2.12.jar (72ms)
2020.08.31 15:23:19 ERROR downloading https://repo1.maven.org/maven2/org/scala-sbt/zinc-core_2.12/1.3.5/zinc-core_2.12-1.3.5.jar ...
2020.08.31 15:23:19 ERROR 	[SUCCESSFUL ] net.java.dev.jna#jna;5.5.0!jna.jar (394ms)
2020.08.31 15:23:19 ERROR downloading https://repo1.maven.org/maven2/org/scala-sbt/zinc-persist_2.12/1.3.5/zinc-persist_2.12-1.3.5.jar ...
2020.08.31 15:23:19 ERROR 	[SUCCESSFUL ] org.scala-sbt#zinc-core_2.12;1.3.5!zinc-core_2.12.jar (209ms)
2020.08.31 15:23:19 ERROR downloading https://repo1.maven.org/maven2/org/scala-sbt/zinc-compile-core_2.12/1.3.5/zinc-compile-core_2.12-1.3.5.jar ...
2020.08.31 15:23:19 ERROR 	[SUCCESSFUL ] org.scala-sbt#zinc-compile-core_2.12;1.3.5!zinc-compile-core_2.12.jar (76ms)
2020.08.31 15:23:19 ERROR downloading https://repo1.maven.org/maven2/org/scala-sbt/core-macros_2.12/1.3.13/core-macros_2.12-1.3.13.jar ...
2020.08.31 15:23:19 ERROR 	[SUCCESSFUL ] org.scala-sbt#core-macros_2.12;1.3.13!core-macros_2.12.jar (66ms)
2020.08.31 15:23:19 ERROR downloading https://repo1.maven.org/maven2/org/scala-sbt/protocol_2.12/1.3.13/protocol_2.12-1.3.13.jar ...
2020.08.31 15:23:19 ERROR 	[SUCCESSFUL ] net.java.dev.jna#jna-platform;5.5.0!jna-platform.jar (679ms)
2020.08.31 15:23:19 ERROR downloading https://repo1.maven.org/maven2/org/scala-sbt/ipcsocket/ipcsocket/1.0.1/ipcsocket-1.0.1.jar ...
2020.08.31 15:23:19 ERROR 	[SUCCESSFUL ] org.scala-sbt.ipcsocket#ipcsocket;1.0.1!ipcsocket.jar (64ms)
2020.08.31 15:23:19 ERROR downloading https://repo1.maven.org/maven2/org/scala-sbt/ivy/ivy/2.3.0-sbt-839fad1cdc07cf6fc81364d74c323867230432ad/ivy-2.3.0-sbt-839fad1cdc07cf6fc81364d74c323867230432ad.jar ...
2020.08.31 15:23:19 ERROR 	[SUCCESSFUL ] org.scala-sbt#protocol_2.12;1.3.13!protocol_2.12.jar (142ms)
2020.08.31 15:23:19 ERROR 	[SUCCESSFUL ] org.scala-sbt#zinc-persist_2.12;1.3.5!zinc-persist_2.12.jar (449ms)
2020.08.31 15:23:20 ERROR 	[SUCCESSFUL ] org.scala-sbt.ivy#ivy;2.3.0-sbt-839fad1cdc07cf6fc81364d74c323867230432ad!ivy.jar (266ms)
2020.08.31 15:23:20 ERROR 	[SUCCESSFUL ] io.get-coursier#lm-coursier-shaded_2.12;2.0.0-RC6-4!lm-coursier-shaded_2.12.jar (1719ms)
2020.08.31 15:23:20 ERROR :: retrieving :: org.scala-sbt#boot-app
2020.08.31 15:23:20 ERROR 	confs: [default]
2020.08.31 15:23:20 ERROR 	81 artifacts copied, 0 already retrieved
2020.08.31 15:23:30 INFO  [info] welcome to sbt 1.3.13 (Oracle Corporation Java 11.0.3)
2020.08.31 15:23:40 INFO  [info] loading settings for project scalatest-build-build from metals.sbt ...
2020.08.31 15:23:42 INFO  [info] loading project definition from /Users/dethstrobe/repo/scalatest/project/project
2020.08.31 15:23:50 INFO  [warn] There may be incompatibilities among your library dependencies; run 'evicted' to see detailed eviction warnings.
2020.08.31 15:23:54 INFO  [info] loading settings for project scalatest-build from metals.sbt ...
2020.08.31 15:23:54 INFO  [info] loading project definition from /Users/dethstrobe/repo/scalatest/project
2020.08.31 15:23:57 INFO  [warn] There may be incompatibilities among your library dependencies; run 'evicted' to see detailed eviction warnings.
2020.08.31 15:24:00 INFO  [success] Generated .bloop/scalatest-build.json
2020.08.31 15:24:00 INFO  [success] Total time: 5 s, completed Aug 31, 2020, 3:24:00 PM
2020.08.31 15:24:06 INFO  [info] loading settings for project root from build.sbt ...
2020.08.31 15:24:06 INFO  [info] set current project to scalatest-example (in build file:/Users/dethstrobe/repo/scalatest/)
2020.08.31 15:24:10 INFO  [success] Generated .bloop/root-test.json
2020.08.31 15:24:10 INFO  [success] Generated .bloop/root.json
2020.08.31 15:24:10 INFO  [success] Total time: 2 s, completed Aug 31, 2020, 3:24:10 PM
2020.08.31 15:24:10 INFO  build tool exit: 0
2020.08.31 15:24:10 INFO  time: ran 'sbt bloopInstall' in 1m4s
Starting the bsp launcher for bloop...
Opening a bsp server connection with 'bsp --protocol local --socket /var/folders/k6/4zst_2kd5vndpzvdqycsyk6r0000gn/T/bsp-launcher8628296301494518353/bsp.socket'...
Waiting for the bsp connection to come up...
[0m[32m[D][0m Loading 2 projects from '/Users/dethstrobe/repo/scalatest/.bloop'...
[0m[32m[D][0m Loading project from '/Users/dethstrobe/repo/scalatest/.bloop/root.json'
[0m[32m[D][0m Loading project from '/Users/dethstrobe/repo/scalatest/.bloop/root-test.json'
[0m[32m[D][0m Missing analysis file for project 'root-test'
[0m[32m[D][0m Missing analysis file for project 'root'
[0m[32m[D][0m Waiting for a connection at local:///var/folders/k6/4zst_2kd5vndpzvdqycsyk6r0000gn/T/bsp-launcher8628296301494518353/bsp.socket...
The server is listening for incoming connections at local:///var/folders/k6/4zst_2kd5vndpzvdqycsyk6r0000gn/T/bsp-launcher8628296301494518353/bsp.socket...
Starting thread that pumps stdin and redirects it to the bsp server...
Starting thread that pumps server stdout and redirects it to the client stdout...
2020.08.31 15:24:10 INFO  tracing is disabled for protocol BSP, to enable tracing of incoming and outgoing JSON messages create an empty file at /Users/dethstrobe/Library/Caches/org.scalameta.metals/bsp.trace.json
Starting the bsp launcher for bloop...
Opening a bsp server connection with 'bsp --protocol local --socket /var/folders/k6/4zst_2kd5vndpzvdqycsyk6r0000gn/T/bsp-launcher15069450016835640823/bsp.socket'...
Waiting for the bsp connection to come up...
[0m[32m[D][0m Loading workspace settings from bloop.settings.json
[0m[32m[D][0m Waiting for a connection at local:///var/folders/k6/4zst_2kd5vndpzvdqycsyk6r0000gn/T/bsp-launcher15069450016835640823/bsp.socket...
The server is listening for incoming connections at local:///var/folders/k6/4zst_2kd5vndpzvdqycsyk6r0000gn/T/bsp-launcher15069450016835640823/bsp.socket...
Starting thread that pumps stdin and redirects it to the bsp server...
Starting thread that pumps server stdout and redirects it to the client stdout...
2020.08.31 15:24:10 INFO  tracing is disabled for protocol BSP, to enable tracing of incoming and outgoing JSON messages create an empty file at /Users/dethstrobe/Library/Caches/org.scalameta.metals/bsp.trace.json
2020.08.31 15:24:10 INFO  time: connected to build server in 0.4s
2020.08.31 15:24:10 INFO  Connected to Build server v1.4.3-23-550c6c0a
2020.08.31 15:24:10 INFO  time: imported build in 0.15s
2020.08.31 15:24:25 INFO  time: indexed workspace in 14s
2020.08.31 15:24:27 INFO  compiling root (1 scala source)
2020.08.31 15:24:57 INFO  compiling root-test (1 scala source)
2020.08.31 15:24:57 INFO  time: compiled root in 31s
2020.08.31 15:25:00 INFO  time: compiled root-test in 2.39s
2020.08.31 15:25:19 INFO  tracing is disabled for protocol dap-server, to enable tracing of incoming and outgoing JSON messages create an empty file at /Users/dethstrobe/Library/Caches/org.scalameta.metals/dap-server.trace.json
2020.08.31 15:25:19 INFO  tracing is disabled for protocol dap-client, to enable tracing of incoming and outgoing JSON messages create an empty file at /Users/dethstrobe/Library/Caches/org.scalameta.metals/dap-client.trace.json
2020.08.31 15:25:19 INFO  Starting debug proxy for [CubeCalculatorTest]
2020.08.31 15:25:21 INFO  Listening for transport dt_socket at address: 59005
2020.08.31 15:25:21 INFO  Trying to attach to remote debuggee VM localhost:59005 .
2020.08.31 15:25:21 INFO  Attaching to debuggee VM succeeded.
2020.08.31 15:25:23 INFO  [32mCubeCalculatorTest:[0m
2020.08.31 15:25:23 INFO  [32m- CubeCalculator.cube[0m
2020.08.31 15:25:23 INFO  Execution took 85ms
2020.08.31 15:25:23 INFO  1 tests, 1 passed
2020.08.31 15:25:23 INFO  All tests in CubeCalculatorTest passed
2020.08.31 15:25:23 INFO  
2020.08.31 15:25:23 INFO  Canceling debug proxy for [CubeCalculatorTest]
2020.08.31 15:25:23 INFO  ===============================================
2020.08.31 15:25:23 INFO  Total duration: 85ms
2020.08.31 15:25:23 INFO  All 1 test suites passed.
2020.08.31 15:25:23 INFO  ===============================================
